-------------------------------------------------------------------------------
Test set: MainTest
-------------------------------------------------------------------------------
Tests run: 5, Failures: 0, Errors: 1, Skipped: 0, Time elapsed: 1.157 s <<< FAILURE! - in MainTest
testFindUniquesMethod  Time elapsed: 0.008 s  <<< ERROR!
java.lang.NullPointerException: Cannot invoke "org.example.entity.Employee.getId()" because the return value of "java.util.List.get(int)" is null
	at MainTest.testFindUniquesMethod(MainTest.java:56)

