<?xml version="1.0" encoding="UTF-8"?>
<testsuite xmlns:xsi="http://www.w3.org/2001/XMLSchema-instance" xsi:noNamespaceSchemaLocation="https://maven.apache.org/surefire/maven-surefire-plugin/xsd/surefire-test-report.xsd" name="MainTest" time="1.157" tests="5" errors="1" skipped="0" failures="0">
  <properties>
[...]
</properties>
  <testcase name="testCalculateWordMethod" classname="MainTest" time="0.032"/>
  <testcase name="testTaskAccessModifiers" classname="MainTest" time="0.001"/>
  <testcase name="testRemoveMethod" classname="MainTest" time="0.011"/>
  <testcase name="testFindUniquesMethod" classname="MainTest" time="0.008">
    <error message="Cannot invoke &quot;org.example.entity.Employee.getId()&quot; because the return value of &quot;java.util.List.get(int)&quot; is null" type="java.lang.NullPointerException">java.lang.NullPointerException: Cannot invoke "org.example.entity.Employee.getId()" because the return value of "java.util.List.get(int)" is null
	at MainTest.testFindUniquesMethod(MainTest.java:56)
</error>
  </testcase>
  <testcase name="testFindDuplicatesMethod" classname="MainTest" time="0.001"/>
</testsuite>